#
# There is insufficient memory for the Java Runtime Environment to continue.
# Native memory allocation (mmap) failed to map 58720256 bytes for G1 virtual space
# Possible reasons:
#   The system is out of physical RAM or swap space
#   The process is running with CompressedOops enabled, and the Java Heap may be blocking the growth of the native heap
# Possible solutions:
#   Reduce memory load on the system
#   Increase physical memory or swap space
#   Check if swap backing store is full
#   Decrease Java heap size (-Xmx/-Xms)
#   Decrease number of Java threads
#   Decrease Java thread stack sizes (-Xss)
#   Set larger code cache with -XX:ReservedCodeCacheSize=
#   JVM is running with Unscaled Compressed Oops mode in which the Java heap is
#     placed in the first 4GB address space. The Java Heap base address is the
#     maximum limit for the native heap growth. Please use -XX:HeapBaseMinAddress
#     to set the Java Heap base and to place the Java Heap above 4GB virtual address.
# This output file may be truncated or incomplete.
#
#  Out of Memory Error (os_windows.cpp:3528), pid=3264, tid=9820
#
# JRE version:  (20.0.2+9) (build )
# Java VM: Java HotSpot(TM) 64-Bit Server VM (20.0.2+9-78, mixed mode, sharing, tiered, compressed oops, compressed class ptrs, g1 gc, windows-amd64)
# No core dump will be written. Minidumps are not enabled by default on client versions of Windows
#

---------------  S U M M A R Y ------------

Command Line: -Dfile.encoding=UTF-8 Login_user

Host: AMD Ryzen 3 PRO 3300U w/ Radeon Vega Mobile Gfx, 4 cores, 3G,  Windows 10 , 64 bit Build 19041 (10.0.19041.3636)
Time: Thu Mar 28 12:42:17 2024 India Standard Time elapsed time: 0.798219 seconds (0d 0h 0m 0s)

---------------  T H R E A D  ---------------

Current thread (0x000001d94186e8a0):  JavaThread "Unknown thread" [_thread_in_vm, id=9820, stack(0x0000000ffea00000,0x0000000ffeb00000)]

Stack: [0x0000000ffea00000,0x0000000ffeb00000]
Native frames: (J=compiled Java code, j=interpreted, Vv=VM code, C=native code)
V  [jvm.dll+0x6bc25a]
V  [jvm.dll+0x84971a]
V  [jvm.dll+0x84b315]
V  [jvm.dll+0x84ba13]
V  [jvm.dll+0x280e4f]
V  [jvm.dll+0x6b8fe9]
V  [jvm.dll+0x6adbca]
V  [jvm.dll+0x35b165]
V  [jvm.dll+0x363386]
V  [jvm.dll+0x3b400e]
V  [jvm.dll+0x3b4295]
V  [jvm.dll+0x32b86a]
V  [jvm.dll+0x32c68b]
V  [jvm.dll+0x8123df]
V  [jvm.dll+0x3c1261]
V  [jvm.dll+0x7fe103]
V  [jvm.dll+0x44ccaf]
V  [jvm.dll+0x44e621]
C  [jli.dll+0x5287]
C  [ucrtbase.dll+0x21bb2]
C  [KERNEL32.DLL+0x17344]
C  [ntdll.dll+0x526b1]


---------------  P R O C E S S  ---------------

Threads class SMR info:
_java_thread_list=0x00007ffd8f5db118, length=0, elements={
}

Java Threads: ( => current thread )

Other Threads:
  0x000001d9418ac2a0 WorkerThread "GC Thread#0" [stack: 0x0000000ffeb00000,0x0000000ffec00000] [id=5712]
  0x000001d9418b4eb0 ConcurrentGCThread "G1 Main Marker" [stack: 0x0000000ffec00000,0x0000000ffed00000] [id=14808]
  0x000001d9418b6800 WorkerThread "G1 Conc#0" [stack: 0x0000000ffed00000,0x0000000ffee00000] [id=9500]

[error occurred during error reporting (printing all threads), id 0xc0000005, EXCEPTION_ACCESS_VIOLATION (0xc0000005) at pc=0x00007ffd8edbeea7]
VM state: not at safepoint (not fully initialized)

VM Mutex/Monitor currently owned by a thread:  ([mutex/lock_event])
[0x000001d94186abb0] Heap_lock - owner thread: 0x000001d94186e8a0

Heap address: 0x00000000c9e00000, size: 866 MB, Compressed Oops mode: 32-bit

CDS archive(s) mapped at: [0x0000000000000000-0x0000000000000000-0x0000000000000000), size 0, SharedBaseAddress: 0x0000000800000000, ArchiveRelocationMode: 1.
Narrow klass base: 0x0000000000000000, Narrow klass shift: 0, Narrow klass range: 0x0

GC Precious Log:
 CardTable entry size: 512
 Card Set container configuration: InlinePtr #cards 5 size 8 Array Of Cards #cards 12 size 40 Howl #buckets 4 coarsen threshold 1843 Howl Bitmap #cards 512 size 80 coarsen threshold 460 Card regions per heap region 1 cards per card region 2048

Heap:
 garbage-first heap   total 0K, used 0K [0x00000000c9e00000, 0x0000000100000000)
  region size 1024K, 0 young (0K), 0 survivors (0K)

[error occurred during error reporting (printing heap information), id 0xc0000005, EXCEPTION_ACCESS_VIOLATION (0xc0000005) at pc=0x00007ffd8f1947b9]
GC Heap History (0 events):
No events

Dll operation events (1 events):
Event: 0.493 Loaded shared library C:\Program Files\Java\jdk-20\bin\java.dll

Deoptimization events (0 events):
No events

Classes loaded (0 events):
No events

Classes unloaded (0 events):
No events

Classes redefined (0 events):
No events

Internal exceptions (0 events):
No events

VM Operations (0 events):
No events

Events (0 events):
No events


Dynamic libraries:
0x00007ff730730000 - 0x00007ff730740000 	C:\Program Files\Java\jdk-20\bin\java.exe
0x00007ffdc18b0000 - 0x00007ffdc1aa8000 	C:\Windows\SYSTEM32\ntdll.dll
0x00007ffdbff30000 - 0x00007ffdbffed000 	C:\Windows\System32\KERNEL32.DLL
0x00007ffdbf080000 - 0x00007ffdbf376000 	C:\Windows\System32\KERNELBASE.dll
0x00007ffdbf410000 - 0x00007ffdbf510000 	C:\Windows\System32\ucrtbase.dll
0x00007ffdbaf20000 - 0x00007ffdbaf3b000 	C:\Program Files\Java\jdk-20\bin\VCRUNTIME140.dll
0x00007ffdacae0000 - 0x00007ffdacaf9000 	C:\Program Files\Java\jdk-20\bin\jli.dll
0x00007ffdc1400000 - 0x00007ffdc14b0000 	C:\Windows\System32\ADVAPI32.dll
0x00007ffdc14b0000 - 0x00007ffdc154e000 	C:\Windows\System32\msvcrt.dll
0x00007ffdc0180000 - 0x00007ffdc0220000 	C:\Windows\System32\sechost.dll
0x00007ffdbf8e0000 - 0x00007ffdbfa05000 	C:\Windows\System32\RPCRT4.dll
0x00007ffdbf670000 - 0x00007ffdbf697000 	C:\Windows\System32\bcrypt.dll
0x00007ffdc05a0000 - 0x00007ffdc073e000 	C:\Windows\System32\USER32.dll
0x00007ffdb4690000 - 0x00007ffdb492a000 	C:\Windows\WinSxS\amd64_microsoft.windows.common-controls_6595b64144ccf1df_6.0.19041.3636_none_60b6a03d71f818d5\COMCTL32.dll
0x00007ffdbf800000 - 0x00007ffdbf822000 	C:\Windows\System32\win32u.dll
0x00007ffdc1620000 - 0x00007ffdc164b000 	C:\Windows\System32\GDI32.dll
0x00007ffdbef60000 - 0x00007ffdbf077000 	C:\Windows\System32\gdi32full.dll
0x00007ffdb5e00000 - 0x00007ffdb5e0a000 	C:\Windows\SYSTEM32\VERSION.dll
0x00007ffdbf510000 - 0x00007ffdbf5ad000 	C:\Windows\System32\msvcp_win.dll
0x00007ffdbfa10000 - 0x00007ffdbfa42000 	C:\Windows\System32\IMM32.DLL
0x00007ffdbae80000 - 0x00007ffdbae8c000 	C:\Program Files\Java\jdk-20\bin\vcruntime140_1.dll
0x00007ffdb21a0000 - 0x00007ffdb222e000 	C:\Program Files\Java\jdk-20\bin\msvcp140.dll
0x00007ffd8ea80000 - 0x00007ffd8f718000 	C:\Program Files\Java\jdk-20\bin\server\jvm.dll
0x00007ffdb5dd0000 - 0x00007ffdb5df7000 	C:\Windows\SYSTEM32\WINMM.dll
0x00007ffdb9fc0000 - 0x00007ffdb9fc9000 	C:\Windows\SYSTEM32\WSOCK32.dll
0x00007ffdc1300000 - 0x00007ffdc136b000 	C:\Windows\System32\WS2_32.dll
0x00007ffdbce10000 - 0x00007ffdbce22000 	C:\Windows\SYSTEM32\kernel.appcore.dll
0x00007ffdb9f50000 - 0x00007ffdb9f5a000 	C:\Program Files\Java\jdk-20\bin\jimage.dll
0x00007ffda9f80000 - 0x00007ffdaa164000 	C:\Windows\SYSTEM32\DBGHELP.DLL
0x00007ffda9f40000 - 0x00007ffda9f74000 	C:\Windows\SYSTEM32\dbgcore.DLL
0x00007ffdbf380000 - 0x00007ffdbf402000 	C:\Windows\System32\bcryptPrimitives.dll
0x00007ffdb8050000 - 0x00007ffdb8076000 	C:\Program Files\Java\jdk-20\bin\java.dll

dbghelp: loaded successfully - version: 4.0.5 - missing functions: none
symbol engine: initialized successfully - sym options: 0x614 - pdb path: .;C:\Program Files\Java\jdk-20\bin;C:\Windows\SYSTEM32;C:\Windows\WinSxS\amd64_microsoft.windows.common-controls_6595b64144ccf1df_6.0.19041.3636_none_60b6a03d71f818d5;C:\Program Files\Java\jdk-20\bin\server

VM Arguments:
jvm_args: -Dfile.encoding=UTF-8 
java_command: Login_user
java_class_path (initial): E:\jcalendar-1.4.jar;E:\mysql-connector-j-8.1.0.jar;E:\rs2xml.jar;E:\Library-Management-System-master\build\classes
Launcher Type: SUN_STANDARD

[Global flags]
     intx CICompilerCount                          = 3                                         {product} {ergonomic}
     uint ConcGCThreads                            = 1                                         {product} {ergonomic}
     uint G1ConcRefinementThreads                  = 4                                         {product} {ergonomic}
   size_t G1HeapRegionSize                         = 1048576                                   {product} {ergonomic}
    uintx GCDrainStackTargetSize                   = 64                                        {product} {ergonomic}
   size_t InitialHeapSize                          = 58720256                                  {product} {ergonomic}
   size_t MarkStackSize                            = 4194304                                   {product} {ergonomic}
   size_t MaxHeapSize                              = 908066816                                 {product} {ergonomic}
   size_t MinHeapDeltaBytes                        = 1048576                                   {product} {ergonomic}
   size_t MinHeapSize                              = 8388608                                   {product} {ergonomic}
    uintx NonNMethodCodeHeapSize                   = 5832780                                {pd product} {ergonomic}
    uintx NonProfiledCodeHeapSize                  = 122912730                              {pd product} {ergonomic}
    uintx ProfiledCodeHeapSize                     = 122912730                              {pd product} {ergonomic}
    uintx ReservedCodeCacheSize                    = 251658240                              {pd product} {ergonomic}
     bool SegmentedCodeCache                       = true                                      {product} {ergonomic}
   size_t SoftMaxHeapSize                          = 908066816                              {manageable} {ergonomic}
     bool UseCompressedClassPointers               = true                           {product lp64_product} {ergonomic}
     bool UseCompressedOops                        = true                           {product lp64_product} {ergonomic}
     bool UseG1GC                                  = true                                      {product} {ergonomic}
     bool UseLargePagesIndividualAllocation        = false                                  {pd product} {ergonomic}

Logging:
Log output configuration:
 #0: stdout all=warning uptime,level,tags foldmultilines=false
 #1: stderr all=off uptime,level,tags foldmultilines=false

Environment Variables:
PATH=C:\Program Files\Common Files\Oracle\Java\javapath;C:\Windows\system32;C:\Windows;C:\Windows\System32\Wbem;C:\Windows\System32\WindowsPowerShell\v1.0\;C:\Windows\System32\OpenSSH\;C:\Program Files\MySQL\MySQL Server 8.0\bin;C:\Program Files\Git\cmd;C:\Program Files\Java\jdk-17\bin;C:\Program Files\dotnet\;C:\Program Files\MySQL\MySQL Shell 8.0\bin\;C:\Users\Lenovo\AppData\Local\Microsoft\WindowsApps;C:\Users\Lenovo\AppData\Local\Programs\Microsoft VS Code\bin;C:\Program Files\Java\jdk-20\bin;C:\Program Files\MySQL\MySQL Server 8.0\bin;C:\Program Files\Java\jdk-17\bin;C:\Users\Lenovo\.dotnet\tools
USERNAME=Lenovo
OS=Windows_NT
PROCESSOR_IDENTIFIER=AMD64 Family 23 Model 24 Stepping 1, AuthenticAMD
TMP=C:\Users\Lenovo\AppData\Local\Temp
TEMP=C:\Users\Lenovo\AppData\Local\Temp




---------------  S Y S T E M  ---------------

OS:
 Windows 10 , 64 bit Build 19041 (10.0.19041.3636)
OS uptime: 4 days 23:44 hours

CPU: total 4 (initial active 4) (4 cores per cpu, 1 threads per core) family 23 model 24 stepping 1 microcode 0x0, cx8, cmov, fxsr, mmx, 3dnowpref, sse, sse2, sse3, ssse3, sse4a, sse4.1, sse4.2, popcnt, lzcnt, tsc, tscinvbit, avx, avx2, aes, clmul, bmi1, bmi2, adx, sha, fma, vzeroupper, clflush, clflushopt, rdtscp, f16c

Memory: 4k page, system-wide physical 3460M (155M free)
TotalPageFile size 14212M (AvailPageFile size 10M)
current process WorkingSet (physical memory assigned to process): 9M, peak: 9M
current process commit charge ("private bytes"): 51M, peak: 107M

vm_info: Java HotSpot(TM) 64-Bit Server VM (20.0.2+9-78) for windows-amd64 JRE (20.0.2+9-78), built on 2023-06-14T10:08:48Z by "mach5one" with MS VC++ 17.1 (VS2022)

END.
