#
# There is insufficient memory for the Java Runtime Environment to continue.
# Native memory allocation (malloc) failed to allocate 946096 bytes for Chunk::new
# Possible reasons:
#   The system is out of physical RAM or swap space
#   The process is running with CompressedOops enabled, and the Java Heap may be blocking the growth of the native heap
# Possible solutions:
#   Reduce memory load on the system
#   Increase physical memory or swap space
#   Check if swap backing store is full
#   Decrease Java heap size (-Xmx/-Xms)
#   Decrease number of Java threads
#   Decrease Java thread stack sizes (-Xss)
#   Set larger code cache with -XX:ReservedCodeCacheSize=
#   JVM is running with Unscaled Compressed Oops mode in which the Java heap is
#     placed in the first 4GB address space. The Java Heap base address is the
#     maximum limit for the native heap growth. Please use -XX:HeapBaseMinAddress
#     to set the Java Heap base and to place the Java Heap above 4GB virtual address.
# This output file may be truncated or incomplete.
#
#  Out of Memory Error (arena.cpp:184), pid=7820, tid=13308
#
# JRE version: Java(TM) SE Runtime Environment (20.0.2+9) (build 20.0.2+9-78)
# Java VM: Java HotSpot(TM) 64-Bit Server VM (20.0.2+9-78, mixed mode, sharing, tiered, compressed oops, compressed class ptrs, g1 gc, windows-amd64)
# No core dump will be written. Minidumps are not enabled by default on client versions of Windows
#

---------------  S U M M A R Y ------------

Command Line: -Dfile.encoding=UTF-8 Login_user

Host: AMD Ryzen 3 PRO 3300U w/ Radeon Vega Mobile Gfx, 4 cores, 3G,  Windows 10 , 64 bit Build 19041 (10.0.19041.3636)
Time: Thu Mar 28 12:37:29 2024 India Standard Time elapsed time: 29.230576 seconds (0d 0h 0m 29s)

---------------  T H R E A D  ---------------

Current thread (0x000002b073ea9bc0):  JavaThread "C2 CompilerThread0" daemon [_thread_in_native, id=13308, stack(0x000000b7b2400000,0x000000b7b2500000)]


Current CompileTask:
C2:  29230 2026 % !   4       sun.awt.image.ImageRepresentation::getOpaqueRGBImage @ 54 (164 bytes)

Stack: [0x000000b7b2400000,0x000000b7b2500000]
Native frames: (J=compiled Java code, j=interpreted, Vv=VM code, C=native code)
V  [jvm.dll+0x6bc25a]
V  [jvm.dll+0x84971a]
V  [jvm.dll+0x84b315]
V  [jvm.dll+0x84ba13]
V  [jvm.dll+0x280e4f]
V  [jvm.dll+0xc2ab1]
V  [jvm.dll+0xc2dd5]
V  [jvm.dll+0x3bb612]
V  [jvm.dll+0x385b75]
V  [jvm.dll+0x384fea]
V  [jvm.dll+0x24b529]
V  [jvm.dll+0x24a921]
V  [jvm.dll+0x1ce761]
V  [jvm.dll+0x25a0eb]
V  [jvm.dll+0x2587c0]
V  [jvm.dll+0x3f2dd5]
V  [jvm.dll+0x7f5c76]
V  [jvm.dll+0x6baecb]
C  [ucrtbase.dll+0x21bb2]
C  [KERNEL32.DLL+0x17344]
C  [ntdll.dll+0x526b1]


---------------  P R O C E S S  ---------------

Threads class SMR info:
_java_thread_list=0x000002b07eae6460, length=20, elements={
0x000002b073e92670, 0x000002b073e93470, 0x000002b073e95240, 0x000002b073e95d80,
0x000002b073e9aae0, 0x000002b073e9b420, 0x000002b073ea9bc0, 0x000002b073ecf580,
0x000002b0781d01e0, 0x000002b0781d7bc0, 0x000002b0783d2b80, 0x000002b078424070,
0x000002b078421c50, 0x000002b0784229b0, 0x000002b0596ffd70, 0x000002b07d1a7570,
0x000002b0782fb2e0, 0x000002b0782fa840, 0x000002b0782f9da0, 0x000002b0782f9300
}

Java Threads: ( => current thread )
  0x000002b073e92670 JavaThread "Reference Handler" daemon [_thread_blocked, id=7212, stack(0x000000b7b1e00000,0x000000b7b1f00000)]
  0x000002b073e93470 JavaThread "Finalizer" daemon [_thread_blocked, id=6300, stack(0x000000b7b1f00000,0x000000b7b2000000)]
  0x000002b073e95240 JavaThread "Signal Dispatcher" daemon [_thread_blocked, id=12180, stack(0x000000b7b2000000,0x000000b7b2100000)]
  0x000002b073e95d80 JavaThread "Attach Listener" daemon [_thread_blocked, id=6564, stack(0x000000b7b2100000,0x000000b7b2200000)]
  0x000002b073e9aae0 JavaThread "Service Thread" daemon [_thread_blocked, id=15664, stack(0x000000b7b2200000,0x000000b7b2300000)]
  0x000002b073e9b420 JavaThread "Monitor Deflation Thread" daemon [_thread_blocked, id=3580, stack(0x000000b7b2300000,0x000000b7b2400000)]
=>0x000002b073ea9bc0 JavaThread "C2 CompilerThread0" daemon [_thread_in_native, id=13308, stack(0x000000b7b2400000,0x000000b7b2500000)]
  0x000002b073ecf580 JavaThread "C1 CompilerThread0" daemon [_thread_blocked, id=10916, stack(0x000000b7b2500000,0x000000b7b2600000)]
  0x000002b0781d01e0 JavaThread "Notification Thread" daemon [_thread_blocked, id=10004, stack(0x000000b7b2600000,0x000000b7b2700000)]
  0x000002b0781d7bc0 JavaThread "Common-Cleaner" daemon [_thread_blocked, id=4316, stack(0x000000b7b2800000,0x000000b7b2900000)]
  0x000002b0783d2b80 JavaThread "Java2D Disposer" daemon [_thread_blocked, id=14804, stack(0x000000b7b2900000,0x000000b7b2a00000)]
  0x000002b078424070 JavaThread "AWT-Windows" daemon [_thread_in_native, id=13848, stack(0x000000b7b2b00000,0x000000b7b2c00000)]
  0x000002b078421c50 JavaThread "AWT-Shutdown" [_thread_blocked, id=10880, stack(0x000000b7b2a00000,0x000000b7b2b00000)]
  0x000002b0784229b0 JavaThread "AWT-EventQueue-0" [_thread_in_native, id=13172, stack(0x000000b7b3300000,0x000000b7b3400000)]
  0x000002b0596ffd70 JavaThread "DestroyJavaVM" [_thread_blocked, id=15136, stack(0x000000b7b1700000,0x000000b7b1800000)]
  0x000002b07d1a7570 JavaThread "D3D Screen Updater" daemon [_thread_blocked, id=1112, stack(0x000000b7b3600000,0x000000b7b3700000)]
  0x000002b0782fb2e0 JavaThread "TimerQueue" daemon [_thread_blocked, id=6668, stack(0x000000b7b3700000,0x000000b7b3800000)]
  0x000002b0782fa840 JavaThread "mysql-cj-abandoned-connection-cleanup" daemon [_thread_blocked, id=7536, stack(0x000000b7b3a00000,0x000000b7b3b00000)]
  0x000002b0782f9da0 JavaThread "Image Fetcher 0" daemon [_thread_blocked, id=9208, stack(0x000000b7b3e00000,0x000000b7b3f00000)]
  0x000002b0782f9300 JavaThread "Image Fetcher 1" daemon [_thread_blocked, id=9128, stack(0x000000b7b3f00000,0x000000b7b4000000)]

Other Threads:
  0x000002b073e6c820 VMThread "VM Thread" [stack: 0x000000b7b1d00000,0x000000b7b1e00000] [id=1532]
  0x000002b0781d1740 WatcherThread "VM Periodic Task Thread" [stack: 0x000000b7b2700000,0x000000b7b2800000] [id=6328]
  0x000002b05973e130 WorkerThread "GC Thread#0" [stack: 0x000000b7b1800000,0x000000b7b1900000] [id=10540]
  0x000002b07d215f40 WorkerThread "GC Thread#1" [stack: 0x000000b7b3b00000,0x000000b7b3c00000] [id=14156]
  0x000002b07d49e260 WorkerThread "GC Thread#2" [stack: 0x000000b7b3c00000,0x000000b7b3d00000] [id=15748]
  0x000002b078321e10 WorkerThread "GC Thread#3" [stack: 0x000000b7b3d00000,0x000000b7b3e00000] [id=6816]
  0x000002b059745d30 ConcurrentGCThread "G1 Main Marker" [stack: 0x000000b7b1900000,0x000000b7b1a00000] [id=9076]
  0x000002b059746670 WorkerThread "G1 Conc#0" [stack: 0x000000b7b1a00000,0x000000b7b1b00000] [id=13920]
  0x000002b073d40090 ConcurrentGCThread "G1 Refine#0" [stack: 0x000000b7b1b00000,0x000000b7b1c00000] [id=9904]
  0x000002b073d40a40 ConcurrentGCThread "G1 Service" [stack: 0x000000b7b1c00000,0x000000b7b1d00000] [id=10604]

Threads with active compile tasks:
C2 CompilerThread0    32587 2026 % !   4       sun.awt.image.ImageRepresentation::getOpaqueRGBImage @ 54 (164 bytes)

VM state: not at safepoint (normal execution)

VM Mutex/Monitor currently owned by a thread: None

Heap address: 0x00000000c9e00000, size: 866 MB, Compressed Oops mode: 32-bit

CDS archive(s) mapped at: [0x000002b000000000-0x000002b000c60000-0x000002b000c60000), size 12976128, SharedBaseAddress: 0x000002b000000000, ArchiveRelocationMode: 1.
Compressed class space mapped at: 0x000002b001000000-0x000002b041000000, reserved size: 1073741824
Narrow klass base: 0x000002b000000000, Narrow klass shift: 0, Narrow klass range: 0x100000000

GC Precious Log:
 CardTable entry size: 512
 Card Set container configuration: InlinePtr #cards 5 size 8 Array Of Cards #cards 12 size 40 Howl #buckets 4 coarsen threshold 1843 Howl Bitmap #cards 512 size 80 coarsen threshold 460 Card regions per heap region 1 cards per card region 2048
 CPUs: 4 total, 4 available
 Memory: 3460M
 Large Page Support: Disabled
 NUMA Support: Disabled
 Compressed Oops: Enabled (32-bit)
 Heap Region Size: 1M
 Heap Min Capacity: 8M
 Heap Initial Capacity: 56M
 Heap Max Capacity: 866M
 Pre-touch: Disabled
 Parallel Workers: 4
 Concurrent Workers: 1
 Concurrent Refinement Workers: 4
 Periodic GC: Disabled

Heap:
 garbage-first heap   total 57344K, used 20662K [0x00000000c9e00000, 0x0000000100000000)
  region size 1024K, 8 young (8192K), 3 survivors (3072K)
 Metaspace       used 18303K, committed 18560K, reserved 1114112K
  class space    used 2041K, committed 2176K, reserved 1048576K

Heap Regions: E=young(eden), S=young(survivor), O=old, HS=humongous(starts), HC=humongous(continues), CS=collection set, F=free, OA=open archive, CA=closed archive, TAMS=top-at-mark-start, PB=parsable bottom
|   0|0x00000000c9e00000, 0x00000000c9f00000, 0x00000000c9f00000|100%| O|  |TAMS 0x00000000c9e00000| PB 0x00000000c9e00000| Untracked 
|   1|0x00000000c9f00000, 0x00000000ca000000, 0x00000000ca000000|100%|HS|  |TAMS 0x00000000c9f00000| PB 0x00000000c9f00000| Complete 
|   2|0x00000000ca000000, 0x00000000ca100000, 0x00000000ca100000|100%|HC|  |TAMS 0x00000000ca000000| PB 0x00000000ca000000| Complete 
|   3|0x00000000ca100000, 0x00000000ca200000, 0x00000000ca200000|100%|HS|  |TAMS 0x00000000ca100000| PB 0x00000000ca100000| Complete 
|   4|0x00000000ca200000, 0x00000000ca300000, 0x00000000ca300000|100%|HC|  |TAMS 0x00000000ca200000| PB 0x00000000ca200000| Complete 
|   5|0x00000000ca300000, 0x00000000ca400000, 0x00000000ca400000|100%|HS|  |TAMS 0x00000000ca300000| PB 0x00000000ca300000| Complete 
|   6|0x00000000ca400000, 0x00000000ca500000, 0x00000000ca500000|100%|HC|  |TAMS 0x00000000ca400000| PB 0x00000000ca400000| Complete 
|   7|0x00000000ca500000, 0x00000000ca600000, 0x00000000ca600000|100%|HS|  |TAMS 0x00000000ca500000| PB 0x00000000ca500000| Complete 
|   8|0x00000000ca600000, 0x00000000ca700000, 0x00000000ca700000|100%|HC|  |TAMS 0x00000000ca600000| PB 0x00000000ca600000| Complete 
|   9|0x00000000ca700000, 0x00000000ca800000, 0x00000000ca800000|100%|HC|  |TAMS 0x00000000ca700000| PB 0x00000000ca700000| Complete 
|  10|0x00000000ca800000, 0x00000000ca900000, 0x00000000ca900000|100%|HC|  |TAMS 0x00000000ca800000| PB 0x00000000ca800000| Complete 
|  11|0x00000000ca900000, 0x00000000caa00000, 0x00000000caa00000|100%| O|  |TAMS 0x00000000ca900000| PB 0x00000000ca900000| Untracked 
|  12|0x00000000caa00000, 0x00000000cab00000, 0x00000000cab00000|100%| O|  |TAMS 0x00000000caa00000| PB 0x00000000caa00000| Untracked 
|  13|0x00000000cab00000, 0x00000000cab2da00, 0x00000000cac00000| 17%| O|  |TAMS 0x00000000cab00000| PB 0x00000000cab00000| Untracked 
|  14|0x00000000cac00000, 0x00000000cad00000, 0x00000000cad00000|100%|HS|  |TAMS 0x00000000cac00000| PB 0x00000000cac00000| Complete 
|  15|0x00000000cad00000, 0x00000000cad00000, 0x00000000cae00000|  0%| F|  |TAMS 0x00000000cad00000| PB 0x00000000cad00000| Untracked 
|  16|0x00000000cae00000, 0x00000000cae00000, 0x00000000caf00000|  0%| F|  |TAMS 0x00000000cae00000| PB 0x00000000cae00000| Untracked 
|  17|0x00000000caf00000, 0x00000000caf00000, 0x00000000cb000000|  0%| F|  |TAMS 0x00000000caf00000| PB 0x00000000caf00000| Untracked 
|  18|0x00000000cb000000, 0x00000000cb000000, 0x00000000cb100000|  0%| F|  |TAMS 0x00000000cb000000| PB 0x00000000cb000000| Untracked 
|  19|0x00000000cb100000, 0x00000000cb100000, 0x00000000cb200000|  0%| F|  |TAMS 0x00000000cb100000| PB 0x00000000cb100000| Untracked 
|  20|0x00000000cb200000, 0x00000000cb200000, 0x00000000cb300000|  0%| F|  |TAMS 0x00000000cb200000| PB 0x00000000cb200000| Untracked 
|  21|0x00000000cb300000, 0x00000000cb300000, 0x00000000cb400000|  0%| F|  |TAMS 0x00000000cb300000| PB 0x00000000cb300000| Untracked 
|  22|0x00000000cb400000, 0x00000000cb400000, 0x00000000cb500000|  0%| F|  |TAMS 0x00000000cb400000| PB 0x00000000cb400000| Untracked 
|  23|0x00000000cb500000, 0x00000000cb500000, 0x00000000cb600000|  0%| F|  |TAMS 0x00000000cb500000| PB 0x00000000cb500000| Untracked 
|  24|0x00000000cb600000, 0x00000000cb600000, 0x00000000cb700000|  0%| F|  |TAMS 0x00000000cb600000| PB 0x00000000cb600000| Untracked 
|  25|0x00000000cb700000, 0x00000000cb700000, 0x00000000cb800000|  0%| F|  |TAMS 0x00000000cb700000| PB 0x00000000cb700000| Untracked 
|  26|0x00000000cb800000, 0x00000000cb800000, 0x00000000cb900000|  0%| F|  |TAMS 0x00000000cb800000| PB 0x00000000cb800000| Untracked 
|  27|0x00000000cb900000, 0x00000000cb900000, 0x00000000cba00000|  0%| F|  |TAMS 0x00000000cb900000| PB 0x00000000cb900000| Untracked 
|  28|0x00000000cba00000, 0x00000000cba00000, 0x00000000cbb00000|  0%| F|  |TAMS 0x00000000cba00000| PB 0x00000000cba00000| Untracked 
|  29|0x00000000cbb00000, 0x00000000cbb00000, 0x00000000cbc00000|  0%| F|  |TAMS 0x00000000cbb00000| PB 0x00000000cbb00000| Untracked 
|  30|0x00000000cbc00000, 0x00000000cbc00000, 0x00000000cbd00000|  0%| F|  |TAMS 0x00000000cbc00000| PB 0x00000000cbc00000| Untracked 
|  31|0x00000000cbd00000, 0x00000000cbd00000, 0x00000000cbe00000|  0%| F|  |TAMS 0x00000000cbd00000| PB 0x00000000cbd00000| Untracked 
|  32|0x00000000cbe00000, 0x00000000cbe00000, 0x00000000cbf00000|  0%| F|  |TAMS 0x00000000cbe00000| PB 0x00000000cbe00000| Untracked 
|  33|0x00000000cbf00000, 0x00000000cbf00000, 0x00000000cc000000|  0%| F|  |TAMS 0x00000000cbf00000| PB 0x00000000cbf00000| Untracked 
|  34|0x00000000cc000000, 0x00000000cc000000, 0x00000000cc100000|  0%| F|  |TAMS 0x00000000cc000000| PB 0x00000000cc000000| Untracked 
|  35|0x00000000cc100000, 0x00000000cc100000, 0x00000000cc200000|  0%| F|  |TAMS 0x00000000cc100000| PB 0x00000000cc100000| Untracked 
|  36|0x00000000cc200000, 0x00000000cc300000, 0x00000000cc300000|100%| S|CS|TAMS 0x00000000cc200000| PB 0x00000000cc200000| Complete 
|  37|0x00000000cc300000, 0x00000000cc400000, 0x00000000cc400000|100%| S|CS|TAMS 0x00000000cc300000| PB 0x00000000cc300000| Complete 
|  38|0x00000000cc400000, 0x00000000cc500000, 0x00000000cc500000|100%| S|CS|TAMS 0x00000000cc400000| PB 0x00000000cc400000| Complete 
|  39|0x00000000cc500000, 0x00000000cc500000, 0x00000000cc600000|  0%| F|  |TAMS 0x00000000cc500000| PB 0x00000000cc500000| Untracked 
|  40|0x00000000cc600000, 0x00000000cc600000, 0x00000000cc700000|  0%| F|  |TAMS 0x00000000cc600000| PB 0x00000000cc600000| Untracked 
|  41|0x00000000cc700000, 0x00000000cc700000, 0x00000000cc800000|  0%| F|  |TAMS 0x00000000cc700000| PB 0x00000000cc700000| Untracked 
|  42|0x00000000cc800000, 0x00000000cc800000, 0x00000000cc900000|  0%| F|  |TAMS 0x00000000cc800000| PB 0x00000000cc800000| Untracked 
|  43|0x00000000cc900000, 0x00000000cc900000, 0x00000000cca00000|  0%| F|  |TAMS 0x00000000cc900000| PB 0x00000000cc900000| Untracked 
|  44|0x00000000cca00000, 0x00000000cca00000, 0x00000000ccb00000|  0%| F|  |TAMS 0x00000000cca00000| PB 0x00000000cca00000| Untracked 
|  45|0x00000000ccb00000, 0x00000000ccb00000, 0x00000000ccc00000|  0%| F|  |TAMS 0x00000000ccb00000| PB 0x00000000ccb00000| Untracked 
|  46|0x00000000ccc00000, 0x00000000ccc00000, 0x00000000ccd00000|  0%| F|  |TAMS 0x00000000ccc00000| PB 0x00000000ccc00000| Untracked 
|  47|0x00000000ccd00000, 0x00000000ccd00000, 0x00000000cce00000|  0%| F|  |TAMS 0x00000000ccd00000| PB 0x00000000ccd00000| Untracked 
|  48|0x00000000cce00000, 0x00000000cce00000, 0x00000000ccf00000|  0%| F|  |TAMS 0x00000000cce00000| PB 0x00000000cce00000| Untracked 
|  49|0x00000000ccf00000, 0x00000000ccf00000, 0x00000000cd000000|  0%| F|  |TAMS 0x00000000ccf00000| PB 0x00000000ccf00000| Untracked 
|  50|0x00000000cd000000, 0x00000000cd000000, 0x00000000cd100000|  0%| F|  |TAMS 0x00000000cd000000| PB 0x00000000cd000000| Untracked 
|  51|0x00000000cd100000, 0x00000000cd1c40d8, 0x00000000cd200000| 76%| E|  |TAMS 0x00000000cd100000| PB 0x00000000cd100000| Complete 
|  52|0x00000000cd200000, 0x00000000cd300000, 0x00000000cd300000|100%| E|CS|TAMS 0x00000000cd200000| PB 0x00000000cd200000| Complete 
|  53|0x00000000cd300000, 0x00000000cd400000, 0x00000000cd400000|100%| E|CS|TAMS 0x00000000cd300000| PB 0x00000000cd300000| Complete 
|  54|0x00000000cd400000, 0x00000000cd500000, 0x00000000cd500000|100%| E|CS|TAMS 0x00000000cd400000| PB 0x00000000cd400000| Complete 
|  55|0x00000000cd500000, 0x00000000cd600000, 0x00000000cd600000|100%| E|  |TAMS 0x00000000cd500000| PB 0x00000000cd500000| Complete 

Card table byte_map: [0x000002b0707e0000,0x000002b0709a0000] _byte_map_base: 0x000002b070191000

Marking Bits: (CMBitMap*) 0x000002b05973e670
 Bits: [0x000002b070b60000, 0x000002b0718e8000)

Polling page: 0x000002b057630000

Metaspace:

Usage:
  Non-class:     15.88 MB used.
      Class:      1.99 MB used.
       Both:     17.87 MB used.

Virtual space:
  Non-class space:       64.00 MB reserved,      16.00 MB ( 25%) committed,  1 nodes.
      Class space:        1.00 GB reserved,       2.12 MB ( <1%) committed,  1 nodes.
             Both:        1.06 GB reserved,      18.12 MB (  2%) committed. 

Chunk freelists:
   Non-Class:  8.00 KB
       Class:  1.75 MB
        Both:  1.75 MB

MaxMetaspaceSize: unlimited
CompressedClassSpaceSize: 1.00 GB
Initial GC threshold: 21.00 MB
Current GC threshold: 21.00 MB
CDS: on
MetaspaceReclaimPolicy: balanced
 - commit_granule_bytes: 65536.
 - commit_granule_words: 8192.
 - virtual_space_node_default_size: 8388608.
 - enlarge_chunks_in_place: 1.
 - new_chunks_are_fully_committed: 0.
 - uncommit_free_chunks: 1.
 - use_allocation_guard: 0.


Internal statistics:

num_allocs_failed_limit: 0.
num_arena_births: 192.
num_arena_deaths: 0.
num_vsnodes_births: 2.
num_vsnodes_deaths: 0.
num_space_committed: 290.
num_space_uncommitted: 0.
num_chunks_returned_to_freelist: 0.
num_chunks_taken_from_freelist: 411.
num_chunk_merges: 0.
num_chunk_splits: 250.
num_chunks_enlarged: 146.
num_inconsistent_stats: 0.

CodeHeap 'non-profiled nmethods': size=120000Kb used=668Kb max_used=668Kb free=119331Kb
 bounds [0x000002b0692b0000, 0x000002b069520000, 0x000002b0707e0000]
CodeHeap 'profiled nmethods': size=120000Kb used=3708Kb max_used=3708Kb free=116291Kb
 bounds [0x000002b0617e0000, 0x000002b061b80000, 0x000002b068d10000]
CodeHeap 'non-nmethods': size=5760Kb used=1759Kb max_used=1778Kb free=4000Kb
 bounds [0x000002b068d10000, 0x000002b068f80000, 0x000002b0692b0000]
 total_blobs=2829 nmethods=2092 adapters=648
 compilation: enabled
              stopped_count=0, restarted_count=0
 full_count=0

Compilation events (20 events):
Event: 28.976 Thread 0x000002b073ecf580 2050 %     3       sun.awt.image.PNGImageDecoder::filterRow @ 139 (460 bytes)
Event: 28.978 Thread 0x000002b073ecf580 nmethod 2050% 0x000002b061b68310 code [0x000002b061b685a0, 0x000002b061b69688]
Event: 28.978 Thread 0x000002b073ecf580 2051       3       sun.awt.image.PNGImageDecoder::filterRow (460 bytes)
Event: 28.979 Thread 0x000002b073ecf580 nmethod 2051 0x000002b061b69e90 code [0x000002b061b6a100, 0x000002b061b6af50]
Event: 29.012 Thread 0x000002b073ecf580 2053       3       java.awt.Component::getBackground (29 bytes)
Event: 29.013 Thread 0x000002b073ecf580 nmethod 2053 0x000002b061b6b710 code [0x000002b061b6b8c0, 0x000002b061b6bb78]
Event: 29.013 Thread 0x000002b073ecf580 2054       3       java.awt.Component::getForeground (29 bytes)
Event: 29.013 Thread 0x000002b073ecf580 nmethod 2054 0x000002b061b6bc90 code [0x000002b061b6be40, 0x000002b061b6c248]
Event: 29.015 Thread 0x000002b073ecf580 2055       3       jdk.internal.org.objectweb.asm.MethodVisitor::visitInsn (16 bytes)
Event: 29.016 Thread 0x000002b073ecf580 nmethod 2055 0x000002b061b6c390 code [0x000002b061b6c520, 0x000002b061b6c730]
Event: 29.016 Thread 0x000002b073ecf580 2057       3       java.lang.invoke.MethodHandle::getApproximateCommonClassLoader (58 bytes)
Event: 29.018 Thread 0x000002b073ecf580 nmethod 2057 0x000002b061b6c810 code [0x000002b061b6ca60, 0x000002b061b6d5e8]
Event: 29.018 Thread 0x000002b073ecf580 2058       3       java.lang.invoke.MethodHandle::keepsAlive (49 bytes)
Event: 29.019 Thread 0x000002b073ecf580 nmethod 2058 0x000002b061b6da10 code [0x000002b061b6dc60, 0x000002b061b6e7e0]
Event: 29.019 Thread 0x000002b073ecf580 2059       3       javax.swing.JComponent::repaint (19 bytes)
Event: 29.019 Thread 0x000002b073ecf580 nmethod 2059 0x000002b061b6ec10 code [0x000002b061b6ee00, 0x000002b061b6f3d0]
Event: 29.019 Thread 0x000002b073ecf580 2060       3       javax.swing.RepaintManager::addDirtyRegion (37 bytes)
Event: 29.020 Thread 0x000002b073ecf580 nmethod 2060 0x000002b061b6f690 code [0x000002b061b6f860, 0x000002b061b6fb70]
Event: 29.020 Thread 0x000002b073ecf580 2056       3       java.lang.invoke.MethodHandle::asTypeCached (52 bytes)
Event: 29.020 Thread 0x000002b073ecf580 nmethod 2056 0x000002b061b6fd10 code [0x000002b061b6fec0, 0x000002b061b70318]

GC Heap History (2 events):
Event: 21.679 GC heap before
{Heap before GC invocations=0 (full 0):
 garbage-first heap   total 57344K, used 13312K [0x00000000c9e00000, 0x0000000100000000)
  region size 1024K, 13 young (13312K), 0 survivors (0K)
 Metaspace       used 10927K, committed 11200K, reserved 1114112K
  class space    used 1203K, committed 1344K, reserved 1048576K
}
Event: 21.765 GC heap after
{Heap after GC invocations=1 (full 0):
 garbage-first heap   total 57344K, used 2763K [0x00000000c9e00000, 0x0000000100000000)
  region size 1024K, 2 young (2048K), 2 survivors (2048K)
 Metaspace       used 10927K, committed 11200K, reserved 1114112K
  class space    used 1203K, committed 1344K, reserved 1048576K
}

Dll operation events (11 events):
Event: 0.344 Loaded shared library C:\Program Files\Java\jdk-20\bin\java.dll
Event: 0.535 Loaded shared library C:\Program Files\Java\jdk-20\bin\jsvml.dll
Event: 0.768 Loaded shared library C:\Program Files\Java\jdk-20\bin\net.dll
Event: 0.797 Loaded shared library C:\Program Files\Java\jdk-20\bin\nio.dll
Event: 0.811 Loaded shared library C:\Program Files\Java\jdk-20\bin\zip.dll
Event: 0.870 Loaded shared library C:\Program Files\Java\jdk-20\bin\jimage.dll
Event: 0.911 Loaded shared library C:\Program Files\Java\jdk-20\bin\awt.dll
Event: 4.517 Loaded shared library C:\Program Files\Java\jdk-20\bin\freetype.dll
Event: 4.543 Loaded shared library C:\Program Files\Java\jdk-20\bin\fontmanager.dll
Event: 21.496 Loaded shared library C:\Program Files\Java\jdk-20\bin\extnet.dll
Event: 22.402 Loaded shared library C:\Program Files\Java\jdk-20\bin\sunmscapi.dll

Deoptimization events (20 events):
Event: 29.010 Thread 0x000002b0782f9da0 DEOPT PACKING pc=0x000002b061b6ae9c sp=0x000000b7b3eff380
Event: 29.010 Thread 0x000002b0782f9da0 DEOPT UNPACKING pc=0x000002b068d7a4c2 sp=0x000000b7b3efe7f0 mode 0
Event: 29.010 Thread 0x000002b0782f9da0 DEOPT PACKING pc=0x000002b061b6ae9c sp=0x000000b7b3eff380
Event: 29.010 Thread 0x000002b0782f9da0 DEOPT UNPACKING pc=0x000002b068d7a4c2 sp=0x000000b7b3efe7f0 mode 0
Event: 29.010 Thread 0x000002b0782f9da0 DEOPT PACKING pc=0x000002b061b6ae9c sp=0x000000b7b3eff380
Event: 29.010 Thread 0x000002b0782f9da0 DEOPT UNPACKING pc=0x000002b068d7a4c2 sp=0x000000b7b3efe7f0 mode 0
Event: 29.010 Thread 0x000002b0782f9da0 DEOPT PACKING pc=0x000002b061b6ae55 sp=0x000000b7b3eff380
Event: 29.010 Thread 0x000002b0782f9da0 DEOPT UNPACKING pc=0x000002b068d7a4c2 sp=0x000000b7b3efe7f0 mode 0
Event: 29.010 Thread 0x000002b0782f9da0 DEOPT PACKING pc=0x000002b061b6ae55 sp=0x000000b7b3eff380
Event: 29.010 Thread 0x000002b0782f9da0 DEOPT UNPACKING pc=0x000002b068d7a4c2 sp=0x000000b7b3efe7f0 mode 0
Event: 29.011 Thread 0x000002b0782f9da0 DEOPT PACKING pc=0x000002b061b6ae55 sp=0x000000b7b3eff380
Event: 29.011 Thread 0x000002b0782f9da0 DEOPT UNPACKING pc=0x000002b068d7a4c2 sp=0x000000b7b3efe7f0 mode 0
Event: 29.011 Thread 0x000002b0782f9da0 DEOPT PACKING pc=0x000002b061b6ae55 sp=0x000000b7b3eff380
Event: 29.011 Thread 0x000002b0782f9da0 DEOPT UNPACKING pc=0x000002b068d7a4c2 sp=0x000000b7b3efe7f0 mode 0
Event: 29.011 Thread 0x000002b0782f9da0 DEOPT PACKING pc=0x000002b061b6ae55 sp=0x000000b7b3eff380
Event: 29.011 Thread 0x000002b0782f9da0 DEOPT UNPACKING pc=0x000002b068d7a4c2 sp=0x000000b7b3efe7f0 mode 0
Event: 29.011 Thread 0x000002b0782f9da0 DEOPT PACKING pc=0x000002b061b6ae55 sp=0x000000b7b3eff380
Event: 29.011 Thread 0x000002b0782f9da0 DEOPT UNPACKING pc=0x000002b068d7a4c2 sp=0x000000b7b3efe7f0 mode 0
Event: 29.011 Thread 0x000002b0782f9da0 DEOPT PACKING pc=0x000002b061b6ae55 sp=0x000000b7b3eff380
Event: 29.011 Thread 0x000002b0782f9da0 DEOPT UNPACKING pc=0x000002b068d7a4c2 sp=0x000000b7b3efe7f0 mode 0

Classes loaded (20 events):
Event: 28.675 Loading class java/awt/image/WritableRenderedImage done
Event: 28.675 Loading class java/awt/image/BufferedImage done
Event: 28.675 Loading class java/awt/image/BufferedImage$1
Event: 28.675 Loading class java/awt/image/BufferedImage$1 done
Event: 28.759 Loading class java/awt/image/ReplicateScaleFilter
Event: 28.759 Loading class java/awt/image/ImageFilter
Event: 28.759 Loading class java/awt/image/ImageFilter done
Event: 28.760 Loading class java/awt/image/ReplicateScaleFilter done
Event: 28.760 Loading class java/awt/image/FilteredImageSource
Event: 28.760 Loading class java/awt/image/FilteredImageSource done
Event: 29.013 Loading class javax/swing/border/TitledBorder
Event: 29.014 Loading class javax/swing/border/TitledBorder done
Event: 29.014 Loading class javax/swing/border/LineBorder
Event: 29.014 Loading class javax/swing/border/LineBorder done
Event: 29.016 Loading class javax/swing/event/SwingPropertyChangeSupport
Event: 29.016 Loading class javax/swing/event/SwingPropertyChangeSupport done
Event: 29.039 Loading class sun/awt/image/JPEGImageDecoder
Event: 29.040 Loading class sun/awt/image/JPEGImageDecoder done
Event: 29.040 Loading class sun/awt/image/JPEGImageDecoder$1
Event: 29.041 Loading class sun/awt/image/JPEGImageDecoder$1 done

Classes unloaded (0 events):
No events

Classes redefined (0 events):
No events

Internal exceptions (20 events):
Event: 2.387 Thread 0x000002b0596ffd70 Exception <a 'java/lang/NoSuchMethodError'{0x00000000cd293320}: 'void java.lang.invoke.DirectMethodHandle$Holder.invokeSpecial(java.lang.Object, java.lang.Object, java.lang.Object)'> (0x00000000cd293320) 
thrown [s\open\src\hotspot\share\interpreter\linkResolver.cpp, line 773]
Event: 2.474 Thread 0x000002b0596ffd70 Exception <a 'java/lang/NoSuchMethodError'{0x00000000cd2bda30}: 'java.lang.Object java.lang.invoke.DirectMethodHandle$Holder.newInvokeSpecial(java.lang.Object, java.lang.Object, java.lang.Object, java.lang.Object, java.lang.Object)'> (0x00000000cd2bda30) 
thrown [s\open\src\hotspot\share\interpreter\linkResolver.cpp, line 773]
Event: 2.489 Thread 0x000002b0596ffd70 Exception <a 'java/lang/NoSuchMethodError'{0x00000000cd2ee528}: 'java.lang.Object java.lang.invoke.DirectMethodHandle$Holder.invokeStatic(java.lang.Object, int, java.lang.Object)'> (0x00000000cd2ee528) 
thrown [s\open\src\hotspot\share\interpreter\linkResolver.cpp, line 773]
Event: 2.528 Thread 0x000002b0596ffd70 Exception <a 'java/lang/ClassNotFoundException'{0x00000000cd1a9dd8}: com/sun/swing/internal/plaf/metal/resources/spi/metalProvider> (0x00000000cd1a9dd8) 
thrown [s\open\src\hotspot\share\classfile\systemDictionary.cpp, line 305]
Event: 2.530 Thread 0x000002b0596ffd70 Exception <a 'java/lang/ClassNotFoundException'{0x00000000cd1add68}: com/sun/swing/internal/plaf/basic/resources/spi/basicProvider> (0x00000000cd1add68) 
thrown [s\open\src\hotspot\share\classfile\systemDictionary.cpp, line 305]
Event: 2.545 Thread 0x000002b0596ffd70 Exception <a 'java/lang/NoSuchMethodError'{0x00000000cd1cd798}: 'int java.lang.invoke.Invokers$Holder.invokeExact_MT(java.lang.Object, java.lang.Object)'> (0x00000000cd1cd798) 
thrown [s\open\src\hotspot\share\interpreter\linkResolver.cpp, line 773]
Event: 3.802 Thread 0x000002b078424070 Exception <a 'java/lang/NoSuchMethodError'{0x00000000cd210280}: 'void java.lang.invoke.DirectMethodHandle$Holder.invokeVirtual(java.lang.Object, java.lang.Object)'> (0x00000000cd210280) 
thrown [s\open\src\hotspot\share\interpreter\linkResolver.cpp, line 773]
Event: 4.453 Thread 0x000002b0596ffd70 Exception <a 'java/lang/NoSuchMethodError'{0x00000000cd064fe8}: 'void java.lang.invoke.DirectMethodHandle$Holder.invokeStaticInit(java.lang.Object)'> (0x00000000cd064fe8) 
thrown [s\open\src\hotspot\share\interpreter\linkResolver.cpp, line 773]
Event: 19.746 Thread 0x000002b0784229b0 Exception <a 'java/lang/NoSuchMethodError'{0x00000000ccd29128}: 'java.lang.Object java.lang.invoke.DirectMethodHandle$Holder.invokeInterface(java.lang.Object, java.lang.Object)'> (0x00000000ccd29128) 
thrown [s\open\src\hotspot\share\interpreter\linkResolver.cpp, line 773]
Event: 20.044 Thread 0x000002b0784229b0 Exception <a 'java/lang/NoSuchMethodError'{0x00000000ccda1290}: 'void java.lang.invoke.DirectMethodHandle$Holder.invokeStatic(java.lang.Object, java.lang.Object, java.lang.Object)'> (0x00000000ccda1290) 
thrown [s\open\src\hotspot\share\interpreter\linkResolver.cpp, line 773]
Event: 20.046 Thread 0x000002b0784229b0 Exception <a 'java/lang/NoSuchMethodError'{0x00000000ccdab3f8}: 'java.lang.Object java.lang.invoke.DirectMethodHandle$Holder.invokeVirtual(java.lang.Object, java.lang.Object, java.lang.Object)'> (0x00000000ccdab3f8) 
thrown [s\open\src\hotspot\share\interpreter\linkResolver.cpp, line 773]
Event: 21.499 Thread 0x000002b0784229b0 Exception <a 'java/lang/NoSuchMethodError'{0x00000000ccaa9a00}: 'void java.lang.invoke.DirectMethodHandle$Holder.invokeStatic(java.lang.Object, java.lang.Object)'> (0x00000000ccaa9a00) 
thrown [s\open\src\hotspot\share\interpreter\linkResolver.cpp, line 773]
Event: 22.086 Thread 0x000002b0784229b0 Exception <a 'java/lang/NoSuchMethodError'{0x00000000cd4c4748}: 'void java.lang.invoke.DirectMethodHandle$Holder.invokeStaticInit(java.lang.Object, java.lang.Object)'> (0x00000000cd4c4748) 
thrown [s\open\src\hotspot\share\interpreter\linkResolver.cpp, line 773]
Event: 22.768 Thread 0x000002b0784229b0 Exception <a 'sun/nio/fs/WindowsException'{0x00000000cd21ae50}> (0x00000000cd21ae50) 
thrown [s\open\src\hotspot\share\prims\jni.cpp, line 519]
Event: 23.048 Thread 0x000002b0784229b0 Exception <a 'java/lang/NoSuchMethodError'{0x00000000cd2ea208}: 'java.lang.Object java.lang.invoke.DirectMethodHandle$Holder.invokeStaticInit(java.lang.Object, int, int, int, int)'> (0x00000000cd2ea208) 
thrown [s\open\src\hotspot\share\interpreter\linkResolver.cpp, line 773]
Event: 26.168 Thread 0x000002b0784229b0 Exception <a 'java/lang/NoSuchMethodError'{0x00000000cd197410}: 'java.lang.Object java.lang.invoke.DirectMethodHandle$Holder.invokeStaticInit(java.lang.Object, java.lang.Object, int, int, int, int)'> (0x00000000cd197410) 
thrown [s\open\src\hotspot\share\interpreter\linkResolver.cpp, line 773]
Event: 26.857 Thread 0x000002b0784229b0 Exception <a 'java/lang/NoSuchMethodError'{0x00000000cd1f92d0}: 'int java.lang.invoke.DirectMethodHandle$Holder.invokeSpecial(java.lang.Object, java.lang.Object, java.lang.Object)'> (0x00000000cd1f92d0) 
thrown [s\open\src\hotspot\share\interpreter\linkResolver.cpp, line 773]
Event: 28.543 Thread 0x000002b0782f9da0 Implicit null exception at 0x000002b0693132e0 to 0x000002b0693137d0
Event: 28.543 Thread 0x000002b0782f9da0 Implicit null exception at 0x000002b069312860 to 0x000002b069312d44
Event: 28.659 Thread 0x000002b0782f9da0 Exception <a 'java/lang/NoSuchMethodError'{0x00000000ccc6a7a0}: 'java.lang.Object java.lang.invoke.DirectMethodHandle$Holder.newInvokeSpecial(java.lang.Object, java.lang.Object, java.lang.Object, int, int, int, int, int)'> (0x00000000ccc6a7a0) 
thrown [s\open\src\hotspot\share\interpreter\linkResolver.cpp, line 773]

VM Operations (20 events):
Event: 22.855 Executing VM operation: Cleanup
Event: 22.855 Executing VM operation: Cleanup done
Event: 23.863 Executing VM operation: Cleanup
Event: 23.864 Executing VM operation: Cleanup done
Event: 25.888 Executing VM operation: Cleanup
Event: 25.888 Executing VM operation: Cleanup done
Event: 26.896 Executing VM operation: Cleanup
Event: 26.897 Executing VM operation: Cleanup done
Event: 27.217 Executing VM operation: HandshakeAllThreads
Event: 27.217 Executing VM operation: HandshakeAllThreads done
Event: 28.221 Executing VM operation: Cleanup
Event: 28.221 Executing VM operation: Cleanup done
Event: 28.419 Executing VM operation: HandshakeAllThreads
Event: 28.419 Executing VM operation: HandshakeAllThreads done
Event: 28.560 Executing VM operation: HandshakeAllThreads
Event: 28.560 Executing VM operation: HandshakeAllThreads done
Event: 28.760 Executing VM operation: HandshakeAllThreads
Event: 28.760 Executing VM operation: HandshakeAllThreads done
Event: 29.040 Executing VM operation: HandshakeAllThreads
Event: 29.040 Executing VM operation: HandshakeAllThreads done

Events (20 events):
Event: 0.668 Thread 0x000002b073e95d80 Thread added: 0x000002b073e95d80
Event: 0.668 Thread 0x000002b073e9aae0 Thread added: 0x000002b073e9aae0
Event: 0.668 Thread 0x000002b073e9b420 Thread added: 0x000002b073e9b420
Event: 0.668 Thread 0x000002b073ea9bc0 Thread added: 0x000002b073ea9bc0
Event: 0.668 Thread 0x000002b073ecf580 Thread added: 0x000002b073ecf580
Event: 0.707 Thread 0x000002b0781d01e0 Thread added: 0x000002b0781d01e0
Event: 0.762 Thread 0x000002b0781d7bc0 Thread added: 0x000002b0781d7bc0
Event: 1.322 Thread 0x000002b0783d2b80 Thread added: 0x000002b0783d2b80
Event: 1.327 Thread 0x000002b0783d40e0 Thread added: 0x000002b0783d40e0
Event: 1.331 Thread 0x000002b078424070 Thread added: 0x000002b078424070
Event: 3.268 Thread 0x000002b0783d40e0 Thread exited: 0x000002b0783d40e0
Event: 3.649 Thread 0x000002b078421c50 Thread added: 0x000002b078421c50
Event: 3.801 Thread 0x000002b0784229b0 Thread added: 0x000002b0784229b0
Event: 5.376 Thread 0x000002b0596ffd70 Thread exited: 0x000002b0596ffd70
Event: 5.376 Thread 0x000002b0596ffd70 Thread added: 0x000002b0596ffd70
Event: 5.419 Thread 0x000002b07d1a7570 Thread added: 0x000002b07d1a7570
Event: 6.150 Thread 0x000002b0782fb2e0 Thread added: 0x000002b0782fb2e0
Event: 18.352 Thread 0x000002b0782fa840 Thread added: 0x000002b0782fa840
Event: 28.480 Thread 0x000002b0782f9da0 Thread added: 0x000002b0782f9da0
Event: 28.893 Thread 0x000002b0782f9300 Thread added: 0x000002b0782f9300


Dynamic libraries:
0x00007ff730730000 - 0x00007ff730740000 	C:\Program Files\Java\jdk-20\bin\java.exe
0x00007ffdc18b0000 - 0x00007ffdc1aa8000 	C:\Windows\SYSTEM32\ntdll.dll
0x00007ffdbff30000 - 0x00007ffdbffed000 	C:\Windows\System32\KERNEL32.DLL
0x00007ffdbf080000 - 0x00007ffdbf376000 	C:\Windows\System32\KERNELBASE.dll
0x00007ffdbf410000 - 0x00007ffdbf510000 	C:\Windows\System32\ucrtbase.dll
0x00007ffdbaf20000 - 0x00007ffdbaf3b000 	C:\Program Files\Java\jdk-20\bin\VCRUNTIME140.dll
0x00007ffdacae0000 - 0x00007ffdacaf9000 	C:\Program Files\Java\jdk-20\bin\jli.dll
0x00007ffdc1400000 - 0x00007ffdc14b0000 	C:\Windows\System32\ADVAPI32.dll
0x00007ffdc14b0000 - 0x00007ffdc154e000 	C:\Windows\System32\msvcrt.dll
0x00007ffdc0180000 - 0x00007ffdc0220000 	C:\Windows\System32\sechost.dll
0x00007ffdbf8e0000 - 0x00007ffdbfa05000 	C:\Windows\System32\RPCRT4.dll
0x00007ffdbf670000 - 0x00007ffdbf697000 	C:\Windows\System32\bcrypt.dll
0x00007ffdc05a0000 - 0x00007ffdc073e000 	C:\Windows\System32\USER32.dll
0x00007ffdbf800000 - 0x00007ffdbf822000 	C:\Windows\System32\win32u.dll
0x00007ffdc1620000 - 0x00007ffdc164b000 	C:\Windows\System32\GDI32.dll
0x00007ffdbef60000 - 0x00007ffdbf077000 	C:\Windows\System32\gdi32full.dll
0x00007ffdbf510000 - 0x00007ffdbf5ad000 	C:\Windows\System32\msvcp_win.dll
0x00007ffdb4690000 - 0x00007ffdb492a000 	C:\Windows\WinSxS\amd64_microsoft.windows.common-controls_6595b64144ccf1df_6.0.19041.3636_none_60b6a03d71f818d5\COMCTL32.dll
0x00007ffdb5e00000 - 0x00007ffdb5e0a000 	C:\Windows\SYSTEM32\VERSION.dll
0x00007ffdbfa10000 - 0x00007ffdbfa42000 	C:\Windows\System32\IMM32.DLL
0x00007ffdbae80000 - 0x00007ffdbae8c000 	C:\Program Files\Java\jdk-20\bin\vcruntime140_1.dll
0x00007ffdb21a0000 - 0x00007ffdb222e000 	C:\Program Files\Java\jdk-20\bin\msvcp140.dll
0x00007ffd8ea80000 - 0x00007ffd8f718000 	C:\Program Files\Java\jdk-20\bin\server\jvm.dll
0x00007ffdb9fc0000 - 0x00007ffdb9fc9000 	C:\Windows\SYSTEM32\WSOCK32.dll
0x00007ffdb5dd0000 - 0x00007ffdb5df7000 	C:\Windows\SYSTEM32\WINMM.dll
0x00007ffdc1300000 - 0x00007ffdc136b000 	C:\Windows\System32\WS2_32.dll
0x00007ffdbce10000 - 0x00007ffdbce22000 	C:\Windows\SYSTEM32\kernel.appcore.dll
0x00007ffdb9f50000 - 0x00007ffdb9f5a000 	C:\Program Files\Java\jdk-20\bin\jimage.dll
0x00007ffda9f80000 - 0x00007ffdaa164000 	C:\Windows\SYSTEM32\DBGHELP.DLL
0x00007ffda9f40000 - 0x00007ffda9f74000 	C:\Windows\SYSTEM32\dbgcore.DLL
0x00007ffdbf380000 - 0x00007ffdbf402000 	C:\Windows\System32\bcryptPrimitives.dll
0x00007ffdb8050000 - 0x00007ffdb8076000 	C:\Program Files\Java\jdk-20\bin\java.dll
0x00007ffdb2d50000 - 0x00007ffdb2e27000 	C:\Program Files\Java\jdk-20\bin\jsvml.dll
0x00007ffdc0b90000 - 0x00007ffdc12fb000 	C:\Windows\System32\SHELL32.dll
0x00007ffdbd010000 - 0x00007ffdbd7ae000 	C:\Windows\SYSTEM32\windows.storage.dll
0x00007ffdc0820000 - 0x00007ffdc0b73000 	C:\Windows\System32\combase.dll
0x00007ffdbe920000 - 0x00007ffdbe94e000 	C:\Windows\SYSTEM32\Wldp.dll
0x00007ffdc1550000 - 0x00007ffdc161d000 	C:\Windows\System32\OLEAUT32.dll
0x00007ffdc16b0000 - 0x00007ffdc175d000 	C:\Windows\System32\SHCORE.dll
0x00007ffdc1790000 - 0x00007ffdc17e5000 	C:\Windows\System32\shlwapi.dll
0x00007ffdbee90000 - 0x00007ffdbeeb5000 	C:\Windows\SYSTEM32\profapi.dll
0x00007ffdb9150000 - 0x00007ffdb9163000 	C:\Program Files\Java\jdk-20\bin\net.dll
0x00007ffdb39a0000 - 0x00007ffdb3aaa000 	C:\Windows\SYSTEM32\WINHTTP.dll
0x00007ffdbe620000 - 0x00007ffdbe68a000 	C:\Windows\system32\mswsock.dll
0x00007ffdb8570000 - 0x00007ffdb8586000 	C:\Program Files\Java\jdk-20\bin\nio.dll
0x00007ffdb6a20000 - 0x00007ffdb6a38000 	C:\Program Files\Java\jdk-20\bin\zip.dll
0x00007ffdb1ab0000 - 0x00007ffdb1c41000 	C:\Program Files\Java\jdk-20\bin\awt.dll
0x00007ffdbc890000 - 0x00007ffdbc920000 	C:\Windows\SYSTEM32\apphelp.dll
0x00007ffdbcd00000 - 0x00007ffdbcd2f000 	C:\Windows\system32\DWMAPI.DLL
0x00007ffdbc940000 - 0x00007ffdbc9de000 	C:\Windows\system32\uxtheme.dll
0x00007ffdb1980000 - 0x00007ffdb1aa5000 	C:\Windows\system32\opengl32.dll
0x00007ffdb66c0000 - 0x00007ffdb66ec000 	C:\Windows\SYSTEM32\GLU32.dll
0x00007ffdc0220000 - 0x00007ffdc0335000 	C:\Windows\System32\MSCTF.dll
0x00007ffdbfff0000 - 0x00007ffdc011b000 	C:\Windows\System32\ole32.dll
0x00007ffd99780000 - 0x00007ffd9994d000 	C:\Windows\system32\d3d9.dll
0x00007ffdb6270000 - 0x00007ffdb642b000 	C:\Windows\System32\DriverStore\FileRepository\u0390451.inf_amd64_39377efdd62734d1\B390182\aticfx64.dll
0x00007ffdacaa0000 - 0x00007ffdacad4000 	C:\Windows\System32\DriverStore\FileRepository\u0390451.inf_amd64_39377efdd62734d1\B390182\atiu9p64.dll
0x00007ffd7eae0000 - 0x00007ffd7f835000 	C:\Windows\System32\DriverStore\FileRepository\u0390451.inf_amd64_39377efdd62734d1\B390182\atiumd64.dll
0x00000000610b0000 - 0x0000000061fd7000 	C:\Windows\System32\DriverStore\FileRepository\u0390451.inf_amd64_39377efdd62734d1\B390182\atiumd6a.dll
0x00007ffdbfac0000 - 0x00007ffdbff2e000 	C:\Windows\System32\SETUPAPI.dll
0x00007ffdbf5b0000 - 0x00007ffdbf5fe000 	C:\Windows\System32\cfgmgr32.dll
0x00007ffdbedc0000 - 0x00007ffdbee0b000 	C:\Windows\SYSTEM32\POWRPROF.dll
0x00007ffdbeda0000 - 0x00007ffdbedb2000 	C:\Windows\SYSTEM32\UMPDC.dll
0x00007ffdb90c0000 - 0x00007ffdb90f5000 	C:\Windows\SYSTEM32\amdihk64.dll
0x00007ffdb8fe0000 - 0x00007ffdb901b000 	C:\Windows\SYSTEM32\dxcore.dll
0x00007ffdb18f0000 - 0x00007ffdb1976000 	C:\Program Files\Java\jdk-20\bin\freetype.dll
0x00007ffdb1810000 - 0x00007ffdb18e3000 	C:\Program Files\Java\jdk-20\bin\fontmanager.dll
0x00007ffdc04f0000 - 0x00007ffdc0599000 	C:\Windows\System32\clbcatq.dll
0x00007ffdb8e20000 - 0x00007ffdb8fd4000 	C:\Windows\SYSTEM32\WindowsCodecs.dll
0x00007ffdaccd0000 - 0x00007ffdacd0e000 	C:\Windows\system32\dataexchange.dll
0x00007ffdbbe80000 - 0x00007ffdbc063000 	C:\Windows\system32\dcomp.dll
0x00007ffdbb530000 - 0x00007ffdbb793000 	C:\Windows\system32\d3d11.dll
0x00007ffdbd810000 - 0x00007ffdbd903000 	C:\Windows\system32\dxgi.dll
0x00007ffdb8910000 - 0x00007ffdb8b13000 	C:\Windows\system32\twinapi.appcore.dll
0x00007ffdb24d0000 - 0x00007ffdb25c9000 	C:\Windows\SYSTEM32\textinputframework.dll
0x00007ffdbc070000 - 0x00007ffdbc3cb000 	C:\Windows\System32\CoreUIComponents.dll
0x00007ffdbb7a0000 - 0x00007ffdbb892000 	C:\Windows\System32\CoreMessaging.dll
0x00007ffdbaf70000 - 0x00007ffdbb0c5000 	C:\Windows\SYSTEM32\wintypes.dll
0x00007ffdbe070000 - 0x00007ffdbe0a3000 	C:\Windows\SYSTEM32\ntmarta.dll
0x00007ffdbe350000 - 0x00007ffdbe41b000 	C:\Windows\SYSTEM32\DNSAPI.dll
0x00007ffdbe310000 - 0x00007ffdbe34b000 	C:\Windows\SYSTEM32\IPHLPAPI.DLL
0x00007ffdc1780000 - 0x00007ffdc1788000 	C:\Windows\System32\NSI.dll
0x00007ffdb3360000 - 0x00007ffdb336a000 	C:\Windows\System32\rasadhlp.dll
0x00007ffdb3450000 - 0x00007ffdb34d0000 	C:\Windows\System32\fwpuclnt.dll
0x00007ffdb9c20000 - 0x00007ffdb9c27000 	C:\Program Files\Java\jdk-20\bin\extnet.dll
0x00007ffdb6580000 - 0x00007ffdb658e000 	C:\Program Files\Java\jdk-20\bin\sunmscapi.dll
0x00007ffdbf6a0000 - 0x00007ffdbf7fd000 	C:\Windows\System32\CRYPT32.dll
0x00007ffdbe990000 - 0x00007ffdbe9b8000 	C:\Windows\SYSTEM32\ncrypt.dll
0x00007ffdbe950000 - 0x00007ffdbe98b000 	C:\Windows\SYSTEM32\NTASN1.dll
0x00007ffdbe870000 - 0x00007ffdbe888000 	C:\Windows\SYSTEM32\CRYPTSP.dll
0x00007ffdbdf50000 - 0x00007ffdbdf84000 	C:\Windows\system32\rsaenh.dll
0x00007ffdbee50000 - 0x00007ffdbee7e000 	C:\Windows\SYSTEM32\USERENV.dll
0x00007ffdbe890000 - 0x00007ffdbe89c000 	C:\Windows\SYSTEM32\CRYPTBASE.dll
0x00007ffdb3c30000 - 0x00007ffdb3c47000 	C:\Windows\SYSTEM32\dhcpcsvc6.DLL
0x00007ffdb3d00000 - 0x00007ffdb3d1d000 	C:\Windows\SYSTEM32\dhcpcsvc.DLL
0x00007ffdac9d0000 - 0x00007ffdac9fe000 	C:\Program Files\Java\jdk-20\bin\javajpeg.dll

dbghelp: loaded successfully - version: 4.0.5 - missing functions: none
symbol engine: initialized successfully - sym options: 0x614 - pdb path: .;C:\Program Files\Java\jdk-20\bin;C:\Windows\SYSTEM32;C:\Windows\WinSxS\amd64_microsoft.windows.common-controls_6595b64144ccf1df_6.0.19041.3636_none_60b6a03d71f818d5;C:\Program Files\Java\jdk-20\bin\server;C:\Windows\System32\DriverStore\FileRepository\u0390451.inf_amd64_39377efdd62734d1\B390182

VM Arguments:
jvm_args: -Dfile.encoding=UTF-8 
java_command: Login_user
java_class_path (initial): E:\jcalendar-1.4.jar;E:\mysql-connector-j-8.1.0.jar;E:\rs2xml.jar;E:\Library-Management-System-master\build\classes
Launcher Type: SUN_STANDARD

[Global flags]
     intx CICompilerCount                          = 3                                         {product} {ergonomic}
     uint ConcGCThreads                            = 1                                         {product} {ergonomic}
     uint G1ConcRefinementThreads                  = 4                                         {product} {ergonomic}
   size_t G1HeapRegionSize                         = 1048576                                   {product} {ergonomic}
    uintx GCDrainStackTargetSize                   = 64                                        {product} {ergonomic}
   size_t InitialHeapSize                          = 58720256                                  {product} {ergonomic}
   size_t MarkStackSize                            = 4194304                                   {product} {ergonomic}
   size_t MaxHeapSize                              = 908066816                                 {product} {ergonomic}
   size_t MaxNewSize                               = 544210944                                 {product} {ergonomic}
   size_t MinHeapDeltaBytes                        = 1048576                                   {product} {ergonomic}
   size_t MinHeapSize                              = 8388608                                   {product} {ergonomic}
    uintx NonNMethodCodeHeapSize                   = 5832780                                {pd product} {ergonomic}
    uintx NonProfiledCodeHeapSize                  = 122912730                              {pd product} {ergonomic}
    uintx ProfiledCodeHeapSize                     = 122912730                              {pd product} {ergonomic}
    uintx ReservedCodeCacheSize                    = 251658240                              {pd product} {ergonomic}
     bool SegmentedCodeCache                       = true                                      {product} {ergonomic}
   size_t SoftMaxHeapSize                          = 908066816                              {manageable} {ergonomic}
     bool UseCompressedClassPointers               = true                           {product lp64_product} {ergonomic}
     bool UseCompressedOops                        = true                           {product lp64_product} {ergonomic}
     bool UseG1GC                                  = true                                      {product} {ergonomic}
     bool UseLargePagesIndividualAllocation        = false                                  {pd product} {ergonomic}

Logging:
Log output configuration:
 #0: stdout all=warning uptime,level,tags foldmultilines=false
 #1: stderr all=off uptime,level,tags foldmultilines=false

Environment Variables:
PATH=C:\Program Files\Common Files\Oracle\Java\javapath;C:\Windows\system32;C:\Windows;C:\Windows\System32\Wbem;C:\Windows\System32\WindowsPowerShell\v1.0\;C:\Windows\System32\OpenSSH\;C:\Program Files\MySQL\MySQL Server 8.0\bin;C:\Program Files\Git\cmd;C:\Program Files\Java\jdk-17\bin;C:\Program Files\dotnet\;C:\Program Files\MySQL\MySQL Shell 8.0\bin\;C:\Users\Lenovo\AppData\Local\Microsoft\WindowsApps;C:\Users\Lenovo\AppData\Local\Programs\Microsoft VS Code\bin;C:\Program Files\Java\jdk-20\bin;C:\Program Files\MySQL\MySQL Server 8.0\bin;C:\Program Files\Java\jdk-17\bin;C:\Users\Lenovo\.dotnet\tools
USERNAME=Lenovo
OS=Windows_NT
PROCESSOR_IDENTIFIER=AMD64 Family 23 Model 24 Stepping 1, AuthenticAMD
TMP=C:\Users\Lenovo\AppData\Local\Temp
TEMP=C:\Users\Lenovo\AppData\Local\Temp




---------------  S Y S T E M  ---------------

OS:
 Windows 10 , 64 bit Build 19041 (10.0.19041.3636)
OS uptime: 4 days 23:40 hours

CPU: total 4 (initial active 4) (4 cores per cpu, 1 threads per core) family 23 model 24 stepping 1 microcode 0x0, cx8, cmov, fxsr, mmx, 3dnowpref, sse, sse2, sse3, ssse3, sse4a, sse4.1, sse4.2, popcnt, lzcnt, tsc, tscinvbit, avx, avx2, aes, clmul, bmi1, bmi2, adx, sha, fma, vzeroupper, clflush, clflushopt, rdtscp, f16c

Memory: 4k page, system-wide physical 3460M (178M free)
TotalPageFile size 14212M (AvailPageFile size 0M)
current process WorkingSet (physical memory assigned to process): 129M, peak: 129M
current process commit charge ("private bytes"): 190M, peak: 191M

vm_info: Java HotSpot(TM) 64-Bit Server VM (20.0.2+9-78) for windows-amd64 JRE (20.0.2+9-78), built on 2023-06-14T10:08:48Z by "mach5one" with MS VC++ 17.1 (VS2022)

END.
